<?xml version="1.0" encoding="UTF-8"?>
<testsuites>
  <testsuite name="PersonaAgent\Tests\Unit\SecurityTest" file="/Users/aa479881/Library/CloudStorage/OneDrive-IBM/Personal/development/personaagent/tests/Unit/SecurityTest.php" tests="10" assertions="68" errors="0" warnings="0" failures="0" skipped="0" time="0.503904">
    <testcase name="testCsrfProtection" class="PersonaAgent\Tests\Unit\SecurityTest" classname="PersonaAgent.Tests.Unit.SecurityTest" file="/Users/aa479881/Library/CloudStorage/OneDrive-IBM/Personal/development/personaagent/tests/Unit/SecurityTest.php" line="66" assertions="5" time="0.005081"/>
    <testcase name="testSessionSecurity" class="PersonaAgent\Tests\Unit\SecurityTest" classname="PersonaAgent.Tests.Unit.SecurityTest" file="/Users/aa479881/Library/CloudStorage/OneDrive-IBM/Personal/development/personaagent/tests/Unit/SecurityTest.php" line="225" assertions="4" time="0.000987"/>
    <testcase name="testXssProtection" class="PersonaAgent\Tests\Unit\SecurityTest" classname="PersonaAgent.Tests.Unit.SecurityTest" file="/Users/aa479881/Library/CloudStorage/OneDrive-IBM/Personal/development/personaagent/tests/Unit/SecurityTest.php" line="16" assertions="6" time="0.001406"/>
    <testcase name="testSqlInjectionProtection" class="PersonaAgent\Tests\Unit\SecurityTest" classname="PersonaAgent.Tests.Unit.SecurityTest" file="/Users/aa479881/Library/CloudStorage/OneDrive-IBM/Personal/development/personaagent/tests/Unit/SecurityTest.php" line="44" assertions="4" time="0.001941"/>
    <testcase name="testApiKeySecureStorage" class="PersonaAgent\Tests\Unit\SecurityTest" classname="PersonaAgent.Tests.Unit.SecurityTest" file="/Users/aa479881/Library/CloudStorage/OneDrive-IBM/Personal/development/personaagent/tests/Unit/SecurityTest.php" line="99" assertions="12" time="0.001097"/>
    <testcase name="testFileUploadSecurity" class="PersonaAgent\Tests\Unit\SecurityTest" classname="PersonaAgent.Tests.Unit.SecurityTest" file="/Users/aa479881/Library/CloudStorage/OneDrive-IBM/Personal/development/personaagent/tests/Unit/SecurityTest.php" line="124" assertions="4" time="0.001018"/>
    <testcase name="testInputValidationAndSanitization" class="PersonaAgent\Tests\Unit\SecurityTest" classname="PersonaAgent.Tests.Unit.SecurityTest" file="/Users/aa479881/Library/CloudStorage/OneDrive-IBM/Personal/development/personaagent/tests/Unit/SecurityTest.php" line="153" assertions="6" time="0.000852"/>
    <testcase name="testRateLimitingAndBruteForceProtection" class="PersonaAgent\Tests\Unit\SecurityTest" classname="PersonaAgent.Tests.Unit.SecurityTest" file="/Users/aa479881/Library/CloudStorage/OneDrive-IBM/Personal/development/personaagent/tests/Unit/SecurityTest.php" line="181" assertions="4" time="0.001145"/>
    <testcase name="testPasswordSecurity" class="PersonaAgent\Tests\Unit\SecurityTest" classname="PersonaAgent.Tests.Unit.SecurityTest" file="/Users/aa479881/Library/CloudStorage/OneDrive-IBM/Personal/development/personaagent/tests/Unit/SecurityTest.php" line="280" assertions="9" time="0.489458"/>
    <testcase name="testHttpHeaderSecurity" class="PersonaAgent\Tests\Unit\SecurityTest" classname="PersonaAgent.Tests.Unit.SecurityTest" file="/Users/aa479881/Library/CloudStorage/OneDrive-IBM/Personal/development/personaagent/tests/Unit/SecurityTest.php" line="312" assertions="14" time="0.000919"/>
  </testsuite>
</testsuites>
